mode: set
github.com/unregex/cmd/myapp/main.go:15.13,22.22 4 0
github.com/unregex/cmd/myapp/main.go:22.22,33.3 10 0
github.com/unregex/cmd/myapp/main.go:36.2,39.15 2 0
github.com/unregex/cmd/myapp/main.go:39.15,42.3 2 0
github.com/unregex/cmd/myapp/main.go:45.2,45.18 1 0
github.com/unregex/cmd/myapp/main.go:45.18,48.3 2 0
github.com/unregex/cmd/myapp/main.go:50.2,54.34 3 0
github.com/unregex/cmd/myapp/main.go:54.34,58.3 3 0
github.com/unregex/cmd/myapp/main.go:61.2,62.16 2 0
github.com/unregex/cmd/myapp/main.go:62.16,66.3 3 0
github.com/unregex/cmd/myapp/main.go:69.2,69.59 1 0
github.com/unregex/cmd/myapp/main.go:69.59,72.3 2 0
github.com/unregex/cmd/myapp/main.go:76.40,78.21 1 0
github.com/unregex/cmd/myapp/main.go:78.21,80.3 1 0
github.com/unregex/cmd/myapp/main.go:83.2,84.44 2 0
github.com/unregex/cmd/myapp/main.go:84.44,88.17 3 0
github.com/unregex/cmd/myapp/main.go:88.17,90.4 1 0
github.com/unregex/cmd/myapp/main.go:93.3,94.20 2 0
github.com/unregex/cmd/myapp/main.go:94.20,96.4 1 0
github.com/unregex/cmd/myapp/main.go:98.3,98.22 1 0
github.com/unregex/cmd/myapp/main.go:102.2,102.52 1 0
github.com/unregex/internal/app/app.go:10.31,11.20 1 0
github.com/unregex/internal/app/app.go:11.20,13.3 1 0
github.com/unregex/internal/app/app.go:15.2,19.19 3 0
github.com/unregex/internal/app/app.go:19.19,21.3 1 0
github.com/unregex/internal/app/app.go:23.2,23.42 1 0
github.com/unregex/internal/app/app.go:27.53,40.31 6 0
github.com/unregex/internal/app/app.go:40.31,43.3 2 0
github.com/unregex/internal/app/app.go:45.2,47.12 2 0
github.com/unregex/internal/app/app.go:51.61,71.35 3 0
github.com/unregex/internal/app/app.go:71.35,73.43 2 0
github.com/unregex/internal/app/app.go:73.43,75.4 1 0
github.com/unregex/internal/app/app.go:76.3,76.77 1 0
github.com/unregex/internal/app/app.go:79.2,79.15 1 0
github.com/unregex/internal/format/format.go:33.47,34.20 1 1
github.com/unregex/internal/format/format.go:35.12,36.23 1 1
github.com/unregex/internal/format/format.go:37.14,38.25 1 1
github.com/unregex/internal/format/format.go:39.15,40.26 1 1
github.com/unregex/internal/format/format.go:41.12,42.23 1 1
github.com/unregex/internal/format/format.go:43.16,44.27 1 1
github.com/unregex/internal/format/format.go:45.10,47.23 1 1
github.com/unregex/internal/format/format.go:52.56,53.44 1 1
github.com/unregex/internal/format/format.go:53.44,54.66 1 1
github.com/unregex/internal/format/format.go:54.66,56.4 1 1
github.com/unregex/internal/format/format.go:58.2,58.11 1 1
github.com/unregex/internal/format/format.go:62.59,63.44 1 1
github.com/unregex/internal/format/format.go:63.44,64.48 1 1
github.com/unregex/internal/format/format.go:64.48,66.4 1 1
github.com/unregex/internal/format/format.go:68.2,68.11 1 1
github.com/unregex/internal/format/format.go:72.60,74.44 2 1
github.com/unregex/internal/format/format.go:74.44,75.47 1 1
github.com/unregex/internal/format/format.go:75.47,78.12 2 1
github.com/unregex/internal/format/format.go:80.3,80.24 1 1
github.com/unregex/internal/format/format.go:80.24,82.4 1 1
github.com/unregex/internal/format/format.go:82.9,82.31 1 1
github.com/unregex/internal/format/format.go:82.31,84.18 2 1
github.com/unregex/internal/format/format.go:84.18,86.5 1 1
github.com/unregex/internal/format/format.go:89.2,89.11 1 1
github.com/unregex/internal/format/go.go:12.32,14.2 1 1
github.com/unregex/internal/format/go.go:17.34,19.2 1 1
github.com/unregex/internal/format/go.go:22.52,38.2 2 1
github.com/unregex/internal/format/go.go:41.59,45.36 3 1
github.com/unregex/internal/format/go.go:45.36,49.18 2 1
github.com/unregex/internal/format/go.go:49.18,50.30 1 1
github.com/unregex/internal/format/go.go:50.30,53.5 2 0
github.com/unregex/internal/format/go.go:55.4,56.15 2 1
github.com/unregex/internal/format/go.go:56.15,59.13 3 1
github.com/unregex/internal/format/go.go:64.3,64.41 1 1
github.com/unregex/internal/format/go.go:64.41,65.30 1 1
github.com/unregex/internal/format/go.go:65.30,68.5 2 0
github.com/unregex/internal/format/go.go:69.4,71.12 3 1
github.com/unregex/internal/format/go.go:75.3,75.18 1 1
github.com/unregex/internal/format/go.go:75.18,76.30 1 1
github.com/unregex/internal/format/go.go:76.30,79.5 2 1
github.com/unregex/internal/format/go.go:81.4,82.15 2 1
github.com/unregex/internal/format/go.go:82.15,85.13 3 1
github.com/unregex/internal/format/go.go:90.3,90.48 1 1
github.com/unregex/internal/format/go.go:90.48,91.30 1 1
github.com/unregex/internal/format/go.go:91.30,94.5 2 1
github.com/unregex/internal/format/go.go:95.4,96.12 2 1
github.com/unregex/internal/format/go.go:100.3,100.18 1 1
github.com/unregex/internal/format/go.go:100.18,101.30 1 1
github.com/unregex/internal/format/go.go:101.30,104.5 2 1
github.com/unregex/internal/format/go.go:107.4,107.49 1 1
github.com/unregex/internal/format/go.go:107.49,108.25 1 1
github.com/unregex/internal/format/go.go:109.14,111.12 2 1
github.com/unregex/internal/format/go.go:112.14,114.12 2 1
github.com/unregex/internal/format/go.go:115.14,116.51 1 1
github.com/unregex/internal/format/go.go:116.51,118.23 2 1
github.com/unregex/internal/format/go.go:118.23,122.8 3 1
github.com/unregex/internal/format/go.go:122.13,124.8 1 0
github.com/unregex/internal/format/go.go:125.12,127.7 1 0
github.com/unregex/internal/format/go.go:128.13,129.43 1 0
github.com/unregex/internal/format/go.go:131.5,131.13 1 1
github.com/unregex/internal/format/go.go:132.10,134.13 2 1
github.com/unregex/internal/format/go.go:138.3,138.18 1 1
github.com/unregex/internal/format/go.go:138.18,139.30 1 1
github.com/unregex/internal/format/go.go:139.30,142.5 2 1
github.com/unregex/internal/format/go.go:143.4,144.12 2 1
github.com/unregex/internal/format/go.go:148.3,148.18 1 1
github.com/unregex/internal/format/go.go:148.18,149.30 1 1
github.com/unregex/internal/format/go.go:149.30,152.5 2 1
github.com/unregex/internal/format/go.go:153.4,154.12 2 1
github.com/unregex/internal/format/go.go:158.3,158.33 1 1
github.com/unregex/internal/format/go.go:158.33,159.30 1 1
github.com/unregex/internal/format/go.go:159.30,162.5 2 0
github.com/unregex/internal/format/go.go:163.4,164.12 2 1
github.com/unregex/internal/format/go.go:168.3,168.18 1 1
github.com/unregex/internal/format/go.go:168.18,169.30 1 1
github.com/unregex/internal/format/go.go:169.30,172.5 2 1
github.com/unregex/internal/format/go.go:173.4,174.12 2 1
github.com/unregex/internal/format/go.go:178.3,178.31 1 1
github.com/unregex/internal/format/go.go:182.2,182.28 1 1
github.com/unregex/internal/format/go.go:182.28,184.3 1 1
github.com/unregex/internal/format/go.go:186.2,186.15 1 1
github.com/unregex/internal/format/go.go:190.54,191.9 1 1
github.com/unregex/internal/format/go.go:192.20,193.39 1 1
github.com/unregex/internal/format/go.go:194.20,195.37 1 1
github.com/unregex/internal/format/go.go:196.20,197.55 1 1
github.com/unregex/internal/format/go.go:198.20,199.54 1 1
github.com/unregex/internal/format/go.go:200.20,201.54 1 1
github.com/unregex/internal/format/go.go:202.20,203.51 1 1
github.com/unregex/internal/format/go.go:204.20,205.81 1 1
github.com/unregex/internal/format/go.go:206.20,207.38 1 1
github.com/unregex/internal/format/go.go:208.20,209.36 1 1
github.com/unregex/internal/format/go.go:210.22,211.101 1 1
github.com/unregex/internal/format/go.go:212.22,213.113 1 1
github.com/unregex/internal/format/go.go:214.73,216.75 2 1
github.com/unregex/internal/format/go.go:217.70,218.40 1 1
github.com/unregex/internal/format/go.go:218.40,220.4 1 1
github.com/unregex/internal/format/go.go:221.3,221.84 1 1
github.com/unregex/internal/format/go.go:222.38,223.38 1 1
github.com/unregex/internal/format/go.go:224.70,226.37 2 1
github.com/unregex/internal/format/go.go:226.37,228.23 2 1
github.com/unregex/internal/format/go.go:228.23,229.23 1 1
github.com/unregex/internal/format/go.go:229.23,231.6 1 1
github.com/unregex/internal/format/go.go:232.5,232.109 1 1
github.com/unregex/internal/format/go.go:235.3,235.89 1 1
github.com/unregex/internal/format/go.go:236.10,237.22 1 1
github.com/unregex/internal/format/go.go:237.22,239.4 1 1
github.com/unregex/internal/format/go.go:240.3,240.65 1 1
github.com/unregex/internal/format/go.go:245.52,246.23 1 1
github.com/unregex/internal/format/go.go:246.23,248.3 1 0
github.com/unregex/internal/format/go.go:250.2,250.21 1 1
github.com/unregex/internal/format/go.go:251.11,252.35 1 1
github.com/unregex/internal/format/go.go:253.11,254.43 1 0
github.com/unregex/internal/format/go.go:255.11,256.69 1 1
github.com/unregex/internal/format/go.go:257.11,258.42 1 0
github.com/unregex/internal/format/go.go:259.11,260.72 1 1
github.com/unregex/internal/format/go.go:261.11,262.48 1 0
github.com/unregex/internal/format/go.go:263.11,264.35 1 0
github.com/unregex/internal/format/go.go:265.11,266.39 1 0
github.com/unregex/internal/format/go.go:267.11,268.43 1 0
github.com/unregex/internal/format/go.go:269.11,270.41 1 0
github.com/unregex/internal/format/go.go:271.11,272.39 1 0
github.com/unregex/internal/format/go.go:273.11,274.35 1 0
github.com/unregex/internal/format/go.go:275.11,276.47 1 0
github.com/unregex/internal/format/go.go:277.11,278.41 1 0
github.com/unregex/internal/format/go.go:279.11,280.44 1 0
github.com/unregex/internal/format/go.go:281.11,282.36 1 0
github.com/unregex/internal/format/go.go:283.10,284.74 1 0
github.com/unregex/internal/format/js.go:12.32,14.2 1 1
github.com/unregex/internal/format/js.go:17.34,19.2 1 1
github.com/unregex/internal/format/js.go:22.52,37.2 2 1
github.com/unregex/internal/format/js.go:40.59,46.43 4 1
github.com/unregex/internal/format/js.go:46.43,48.56 2 1
github.com/unregex/internal/format/js.go:48.56,53.22 3 1
github.com/unregex/internal/format/js.go:53.22,55.5 1 1
github.com/unregex/internal/format/js.go:56.9,56.65 1 0
github.com/unregex/internal/format/js.go:56.65,59.4 1 0
github.com/unregex/internal/format/js.go:62.2,62.36 1 1
github.com/unregex/internal/format/js.go:62.36,66.18 2 1
github.com/unregex/internal/format/js.go:66.18,67.30 1 1
github.com/unregex/internal/format/js.go:67.30,70.5 2 0
github.com/unregex/internal/format/js.go:72.4,73.15 2 1
github.com/unregex/internal/format/js.go:73.15,76.13 3 1
github.com/unregex/internal/format/js.go:81.3,81.41 1 1
github.com/unregex/internal/format/js.go:81.41,82.30 1 1
github.com/unregex/internal/format/js.go:82.30,85.5 2 1
github.com/unregex/internal/format/js.go:86.4,88.12 3 1
github.com/unregex/internal/format/js.go:92.3,92.18 1 1
github.com/unregex/internal/format/js.go:92.18,93.30 1 1
github.com/unregex/internal/format/js.go:93.30,96.5 2 1
github.com/unregex/internal/format/js.go:98.4,99.15 2 1
github.com/unregex/internal/format/js.go:99.15,102.13 3 1
github.com/unregex/internal/format/js.go:107.3,107.48 1 1
github.com/unregex/internal/format/js.go:107.48,108.30 1 1
github.com/unregex/internal/format/js.go:108.30,111.5 2 1
github.com/unregex/internal/format/js.go:114.4,114.49 1 1
github.com/unregex/internal/format/js.go:114.49,117.5 2 1
github.com/unregex/internal/format/js.go:117.10,119.5 1 1
github.com/unregex/internal/format/js.go:120.4,120.12 1 1
github.com/unregex/internal/format/js.go:124.3,124.18 1 1
github.com/unregex/internal/format/js.go:124.18,125.30 1 1
github.com/unregex/internal/format/js.go:125.30,128.5 2 1
github.com/unregex/internal/format/js.go:131.4,131.49 1 1
github.com/unregex/internal/format/js.go:131.49,132.25 1 1
github.com/unregex/internal/format/js.go:133.14,135.12 2 1
github.com/unregex/internal/format/js.go:136.14,138.12 2 1
github.com/unregex/internal/format/js.go:139.14,141.12 2 1
github.com/unregex/internal/format/js.go:142.14,143.28 1 1
github.com/unregex/internal/format/js.go:143.28,144.30 1 1
github.com/unregex/internal/format/js.go:144.30,147.8 2 1
github.com/unregex/internal/format/js.go:147.13,147.37 1 1
github.com/unregex/internal/format/js.go:147.37,150.8 2 1
github.com/unregex/internal/format/js.go:150.13,152.24 2 1
github.com/unregex/internal/format/js.go:152.24,156.9 3 1
github.com/unregex/internal/format/js.go:156.14,158.9 1 0
github.com/unregex/internal/format/js.go:160.12,162.7 1 0
github.com/unregex/internal/format/js.go:163.13,164.43 1 0
github.com/unregex/internal/format/js.go:166.5,166.13 1 1
github.com/unregex/internal/format/js.go:167.10,169.13 2 1
github.com/unregex/internal/format/js.go:173.3,173.18 1 1
github.com/unregex/internal/format/js.go:173.18,174.30 1 1
github.com/unregex/internal/format/js.go:174.30,177.5 2 1
github.com/unregex/internal/format/js.go:178.4,179.12 2 1
github.com/unregex/internal/format/js.go:183.3,183.18 1 1
github.com/unregex/internal/format/js.go:183.18,184.30 1 1
github.com/unregex/internal/format/js.go:184.30,187.5 2 1
github.com/unregex/internal/format/js.go:188.4,189.12 2 1
github.com/unregex/internal/format/js.go:193.3,193.33 1 1
github.com/unregex/internal/format/js.go:193.33,194.30 1 1
github.com/unregex/internal/format/js.go:194.30,197.5 2 0
github.com/unregex/internal/format/js.go:198.4,199.12 2 1
github.com/unregex/internal/format/js.go:203.3,203.18 1 1
github.com/unregex/internal/format/js.go:203.18,204.30 1 1
github.com/unregex/internal/format/js.go:204.30,207.5 2 0
github.com/unregex/internal/format/js.go:208.4,209.12 2 1
github.com/unregex/internal/format/js.go:213.3,213.31 1 1
github.com/unregex/internal/format/js.go:217.2,217.28 1 1
github.com/unregex/internal/format/js.go:217.28,219.3 1 1
github.com/unregex/internal/format/js.go:221.2,221.15 1 1
github.com/unregex/internal/format/js.go:225.54,226.9 1 1
github.com/unregex/internal/format/js.go:227.37,228.35 1 1
github.com/unregex/internal/format/js.go:229.20,230.39 1 1
github.com/unregex/internal/format/js.go:231.20,232.37 1 1
github.com/unregex/internal/format/js.go:233.20,234.55 1 1
github.com/unregex/internal/format/js.go:235.20,236.63 1 1
github.com/unregex/internal/format/js.go:237.20,238.63 1 1
github.com/unregex/internal/format/js.go:239.20,240.60 1 1
github.com/unregex/internal/format/js.go:241.21,242.67 1 1
github.com/unregex/internal/format/js.go:243.21,244.67 1 1
github.com/unregex/internal/format/js.go:245.21,246.64 1 1
github.com/unregex/internal/format/js.go:247.20,248.81 1 1
github.com/unregex/internal/format/js.go:249.20,250.38 1 1
github.com/unregex/internal/format/js.go:251.20,252.36 1 1
github.com/unregex/internal/format/js.go:253.22,254.101 1 1
github.com/unregex/internal/format/js.go:255.22,256.113 1 1
github.com/unregex/internal/format/js.go:257.22,258.119 1 1
github.com/unregex/internal/format/js.go:259.23,260.118 1 1
github.com/unregex/internal/format/js.go:261.23,262.124 1 1
github.com/unregex/internal/format/js.go:263.140,265.75 2 1
github.com/unregex/internal/format/js.go:266.70,267.40 1 1
github.com/unregex/internal/format/js.go:267.40,269.4 1 1
github.com/unregex/internal/format/js.go:270.3,270.84 1 1
github.com/unregex/internal/format/js.go:271.38,272.40 1 1
github.com/unregex/internal/format/js.go:273.70,275.37 2 1
github.com/unregex/internal/format/js.go:275.37,277.23 2 1
github.com/unregex/internal/format/js.go:277.23,278.23 1 1
github.com/unregex/internal/format/js.go:278.23,280.6 1 1
github.com/unregex/internal/format/js.go:281.5,281.109 1 1
github.com/unregex/internal/format/js.go:284.3,284.89 1 1
github.com/unregex/internal/format/js.go:285.10,286.22 1 1
github.com/unregex/internal/format/js.go:286.22,288.4 1 1
github.com/unregex/internal/format/js.go:289.3,289.65 1 1
github.com/unregex/internal/format/js.go:294.42,295.17 1 1
github.com/unregex/internal/format/js.go:295.17,297.3 1 0
github.com/unregex/internal/format/js.go:299.2,300.29 2 1
github.com/unregex/internal/format/js.go:300.29,301.15 1 1
github.com/unregex/internal/format/js.go:302.12,303.121 1 1
github.com/unregex/internal/format/js.go:304.12,305.69 1 1
github.com/unregex/internal/format/js.go:306.12,307.102 1 1
github.com/unregex/internal/format/js.go:308.12,309.89 1 1
github.com/unregex/internal/format/js.go:310.12,311.111 1 1
github.com/unregex/internal/format/js.go:312.12,313.123 1 1
github.com/unregex/internal/format/js.go:314.12,315.84 1 0
github.com/unregex/internal/format/js.go:316.11,317.78 1 0
github.com/unregex/internal/format/js.go:321.2,321.53 1 1
github.com/unregex/internal/format/js.go:325.54,326.23 1 1
github.com/unregex/internal/format/js.go:326.23,328.3 1 0
github.com/unregex/internal/format/js.go:330.2,330.21 1 1
github.com/unregex/internal/format/js.go:331.11,332.35 1 1
github.com/unregex/internal/format/js.go:333.11,334.43 1 0
github.com/unregex/internal/format/js.go:335.11,336.69 1 1
github.com/unregex/internal/format/js.go:337.11,338.42 1 0
github.com/unregex/internal/format/js.go:339.11,340.72 1 1
github.com/unregex/internal/format/js.go:341.11,342.48 1 0
github.com/unregex/internal/format/js.go:343.11,344.35 1 0
github.com/unregex/internal/format/js.go:345.11,346.39 1 0
github.com/unregex/internal/format/js.go:347.11,348.39 1 0
github.com/unregex/internal/format/js.go:349.11,350.35 1 0
github.com/unregex/internal/format/js.go:351.11,352.47 1 0
github.com/unregex/internal/format/js.go:353.11,354.41 1 0
github.com/unregex/internal/format/js.go:355.11,356.44 1 0
github.com/unregex/internal/format/js.go:357.11,358.36 1 0
github.com/unregex/internal/format/js.go:359.11,360.46 1 0
github.com/unregex/internal/format/js.go:360.46,362.16 2 0
github.com/unregex/internal/format/js.go:362.16,365.5 2 0
github.com/unregex/internal/format/js.go:367.3,367.39 1 0
github.com/unregex/internal/format/js.go:368.51,369.73 1 0
github.com/unregex/internal/format/js.go:370.16,371.46 1 0
github.com/unregex/internal/format/js.go:371.46,373.16 2 0
github.com/unregex/internal/format/js.go:373.16,375.27 2 0
github.com/unregex/internal/format/js.go:375.27,377.6 1 0
github.com/unregex/internal/format/js.go:377.11,379.6 1 0
github.com/unregex/internal/format/js.go:382.3,382.36 1 0
github.com/unregex/internal/format/js.go:383.11,384.133 1 1
github.com/unregex/internal/format/js.go:384.133,386.4 1 1
github.com/unregex/internal/format/js.go:387.3,387.43 1 0
github.com/unregex/internal/format/js.go:388.11,389.79 1 1
github.com/unregex/internal/format/js.go:389.79,391.4 1 1
github.com/unregex/internal/format/js.go:392.3,392.47 1 0
github.com/unregex/internal/format/js.go:393.10,394.74 1 0
github.com/unregex/internal/format/js.go:399.30,401.2 1 1
github.com/unregex/internal/format/pcre.go:12.34,14.2 1 1
github.com/unregex/internal/format/pcre.go:17.36,19.2 1 1
github.com/unregex/internal/format/pcre.go:22.54,38.2 2 1
github.com/unregex/internal/format/pcre.go:41.61,45.36 3 1
github.com/unregex/internal/format/pcre.go:45.36,49.18 2 1
github.com/unregex/internal/format/pcre.go:49.18,50.30 1 1
github.com/unregex/internal/format/pcre.go:50.30,53.5 2 0
github.com/unregex/internal/format/pcre.go:55.4,56.15 2 1
github.com/unregex/internal/format/pcre.go:56.15,59.13 3 1
github.com/unregex/internal/format/pcre.go:64.3,64.41 1 1
github.com/unregex/internal/format/pcre.go:64.41,65.30 1 1
github.com/unregex/internal/format/pcre.go:65.30,68.5 2 1
github.com/unregex/internal/format/pcre.go:69.4,71.12 3 1
github.com/unregex/internal/format/pcre.go:75.3,75.18 1 1
github.com/unregex/internal/format/pcre.go:75.18,76.30 1 1
github.com/unregex/internal/format/pcre.go:76.30,79.5 2 1
github.com/unregex/internal/format/pcre.go:81.4,82.15 2 1
github.com/unregex/internal/format/pcre.go:82.15,85.13 3 1
github.com/unregex/internal/format/pcre.go:90.3,90.48 1 1
github.com/unregex/internal/format/pcre.go:90.48,91.30 1 1
github.com/unregex/internal/format/pcre.go:91.30,94.5 2 1
github.com/unregex/internal/format/pcre.go:97.4,97.49 1 1
github.com/unregex/internal/format/pcre.go:97.49,100.5 2 1
github.com/unregex/internal/format/pcre.go:100.10,102.5 1 1
github.com/unregex/internal/format/pcre.go:103.4,103.12 1 1
github.com/unregex/internal/format/pcre.go:107.3,107.18 1 1
github.com/unregex/internal/format/pcre.go:107.18,108.30 1 1
github.com/unregex/internal/format/pcre.go:108.30,111.5 2 1
github.com/unregex/internal/format/pcre.go:114.4,114.49 1 1
github.com/unregex/internal/format/pcre.go:114.49,115.25 1 1
github.com/unregex/internal/format/pcre.go:116.14,118.12 2 1
github.com/unregex/internal/format/pcre.go:119.14,121.12 2 1
github.com/unregex/internal/format/pcre.go:122.14,124.12 2 1
github.com/unregex/internal/format/pcre.go:125.14,126.28 1 1
github.com/unregex/internal/format/pcre.go:126.28,127.30 1 1
github.com/unregex/internal/format/pcre.go:127.30,130.8 2 1
github.com/unregex/internal/format/pcre.go:130.13,130.37 1 1
github.com/unregex/internal/format/pcre.go:130.37,133.8 2 1
github.com/unregex/internal/format/pcre.go:133.13,135.24 2 1
github.com/unregex/internal/format/pcre.go:135.24,139.9 3 1
github.com/unregex/internal/format/pcre.go:139.14,141.9 1 0
github.com/unregex/internal/format/pcre.go:143.12,145.7 1 0
github.com/unregex/internal/format/pcre.go:146.14,148.12 2 1
github.com/unregex/internal/format/pcre.go:149.14,150.51 1 1
github.com/unregex/internal/format/pcre.go:150.51,152.23 2 1
github.com/unregex/internal/format/pcre.go:152.23,156.8 3 1
github.com/unregex/internal/format/pcre.go:156.13,158.8 1 0
github.com/unregex/internal/format/pcre.go:159.12,161.7 1 0
github.com/unregex/internal/format/pcre.go:162.13,163.43 1 0
github.com/unregex/internal/format/pcre.go:165.5,165.13 1 1
github.com/unregex/internal/format/pcre.go:166.10,168.13 2 1
github.com/unregex/internal/format/pcre.go:172.3,172.18 1 1
github.com/unregex/internal/format/pcre.go:172.18,173.30 1 1
github.com/unregex/internal/format/pcre.go:173.30,176.5 2 1
github.com/unregex/internal/format/pcre.go:177.4,178.12 2 1
github.com/unregex/internal/format/pcre.go:182.3,182.18 1 1
github.com/unregex/internal/format/pcre.go:182.18,183.30 1 1
github.com/unregex/internal/format/pcre.go:183.30,186.5 2 1
github.com/unregex/internal/format/pcre.go:187.4,188.12 2 1
github.com/unregex/internal/format/pcre.go:192.3,192.33 1 1
github.com/unregex/internal/format/pcre.go:192.33,193.30 1 1
github.com/unregex/internal/format/pcre.go:193.30,196.5 2 0
github.com/unregex/internal/format/pcre.go:197.4,198.12 2 1
github.com/unregex/internal/format/pcre.go:202.3,202.18 1 1
github.com/unregex/internal/format/pcre.go:202.18,203.30 1 1
github.com/unregex/internal/format/pcre.go:203.30,206.5 2 1
github.com/unregex/internal/format/pcre.go:207.4,208.12 2 1
github.com/unregex/internal/format/pcre.go:212.3,212.31 1 1
github.com/unregex/internal/format/pcre.go:216.2,216.28 1 1
github.com/unregex/internal/format/pcre.go:216.28,218.3 1 1
github.com/unregex/internal/format/pcre.go:220.2,220.15 1 1
github.com/unregex/internal/format/pcre.go:224.56,225.9 1 1
github.com/unregex/internal/format/pcre.go:226.20,227.39 1 1
github.com/unregex/internal/format/pcre.go:228.20,229.37 1 1
github.com/unregex/internal/format/pcre.go:230.20,231.55 1 1
github.com/unregex/internal/format/pcre.go:232.20,233.54 1 1
github.com/unregex/internal/format/pcre.go:234.20,235.54 1 1
github.com/unregex/internal/format/pcre.go:236.20,237.51 1 1
github.com/unregex/internal/format/pcre.go:238.21,239.93 1 1
github.com/unregex/internal/format/pcre.go:240.21,241.93 1 1
github.com/unregex/internal/format/pcre.go:242.21,243.90 1 1
github.com/unregex/internal/format/pcre.go:244.20,245.81 1 1
github.com/unregex/internal/format/pcre.go:246.20,247.38 1 1
github.com/unregex/internal/format/pcre.go:248.20,249.36 1 1
github.com/unregex/internal/format/pcre.go:250.22,251.101 1 1
github.com/unregex/internal/format/pcre.go:252.22,253.113 1 1
github.com/unregex/internal/format/pcre.go:254.22,255.119 1 1
github.com/unregex/internal/format/pcre.go:256.23,257.118 1 1
github.com/unregex/internal/format/pcre.go:258.23,259.124 1 1
github.com/unregex/internal/format/pcre.go:260.22,261.105 1 1
github.com/unregex/internal/format/pcre.go:262.140,264.75 2 1
github.com/unregex/internal/format/pcre.go:265.73,267.75 2 1
github.com/unregex/internal/format/pcre.go:268.70,269.40 1 1
github.com/unregex/internal/format/pcre.go:269.40,271.4 1 1
github.com/unregex/internal/format/pcre.go:272.3,272.84 1 1
github.com/unregex/internal/format/pcre.go:273.38,274.42 1 1
github.com/unregex/internal/format/pcre.go:275.70,277.37 2 1
github.com/unregex/internal/format/pcre.go:277.37,279.23 2 1
github.com/unregex/internal/format/pcre.go:279.23,280.23 1 1
github.com/unregex/internal/format/pcre.go:280.23,282.6 1 1
github.com/unregex/internal/format/pcre.go:283.5,283.109 1 1
github.com/unregex/internal/format/pcre.go:286.3,286.89 1 1
github.com/unregex/internal/format/pcre.go:287.10,288.22 1 1
github.com/unregex/internal/format/pcre.go:288.22,290.4 1 1
github.com/unregex/internal/format/pcre.go:291.3,291.65 1 1
github.com/unregex/internal/format/pcre.go:296.56,297.23 1 1
github.com/unregex/internal/format/pcre.go:297.23,299.3 1 0
github.com/unregex/internal/format/pcre.go:301.2,301.21 1 1
github.com/unregex/internal/format/pcre.go:302.11,303.35 1 1
github.com/unregex/internal/format/pcre.go:304.11,305.43 1 0
github.com/unregex/internal/format/pcre.go:306.11,307.69 1 1
github.com/unregex/internal/format/pcre.go:308.11,309.42 1 0
github.com/unregex/internal/format/pcre.go:310.11,311.72 1 1
github.com/unregex/internal/format/pcre.go:312.11,313.48 1 0
github.com/unregex/internal/format/pcre.go:314.11,315.35 1 0
github.com/unregex/internal/format/pcre.go:316.11,317.39 1 0
github.com/unregex/internal/format/pcre.go:318.11,319.43 1 0
github.com/unregex/internal/format/pcre.go:320.11,321.69 1 0
github.com/unregex/internal/format/pcre.go:322.11,323.50 1 0
github.com/unregex/internal/format/pcre.go:324.11,325.63 1 1
github.com/unregex/internal/format/pcre.go:326.11,327.39 1 0
github.com/unregex/internal/format/pcre.go:328.11,329.35 1 0
github.com/unregex/internal/format/pcre.go:330.11,331.47 1 0
github.com/unregex/internal/format/pcre.go:332.11,333.41 1 0
github.com/unregex/internal/format/pcre.go:334.11,335.44 1 0
github.com/unregex/internal/format/pcre.go:336.11,337.36 1 0
github.com/unregex/internal/format/pcre.go:338.11,339.46 1 0
github.com/unregex/internal/format/pcre.go:339.46,341.16 2 0
github.com/unregex/internal/format/pcre.go:341.16,344.5 2 0
github.com/unregex/internal/format/pcre.go:346.3,346.39 1 0
github.com/unregex/internal/format/pcre.go:347.51,348.73 1 0
github.com/unregex/internal/format/pcre.go:349.16,350.46 1 0
github.com/unregex/internal/format/pcre.go:350.46,352.16 2 0
github.com/unregex/internal/format/pcre.go:352.16,354.27 2 0
github.com/unregex/internal/format/pcre.go:354.27,356.6 1 0
github.com/unregex/internal/format/pcre.go:356.11,358.6 1 0
github.com/unregex/internal/format/pcre.go:361.3,361.36 1 0
github.com/unregex/internal/format/pcre.go:362.11,363.85 1 1
github.com/unregex/internal/format/pcre.go:364.11,365.36 1 1
github.com/unregex/internal/format/pcre.go:366.10,367.74 1 0
github.com/unregex/internal/format/posix.go:12.35,14.2 1 1
github.com/unregex/internal/format/posix.go:17.37,19.2 1 0
github.com/unregex/internal/format/posix.go:22.55,38.2 2 0
github.com/unregex/internal/format/posix.go:41.62,45.36 3 0
github.com/unregex/internal/format/posix.go:45.36,49.18 2 0
github.com/unregex/internal/format/posix.go:49.18,50.30 1 0
github.com/unregex/internal/format/posix.go:50.30,53.5 2 0
github.com/unregex/internal/format/posix.go:56.4,56.72 1 0
github.com/unregex/internal/format/posix.go:56.72,58.16 2 0
github.com/unregex/internal/format/posix.go:58.16,60.30 2 0
github.com/unregex/internal/format/posix.go:60.30,63.15 3 0
github.com/unregex/internal/format/posix.go:68.4,69.15 2 0
github.com/unregex/internal/format/posix.go:69.15,72.13 3 0
github.com/unregex/internal/format/posix.go:77.3,77.41 1 0
github.com/unregex/internal/format/posix.go:77.41,78.30 1 0
github.com/unregex/internal/format/posix.go:78.30,81.5 2 0
github.com/unregex/internal/format/posix.go:82.4,84.12 3 0
github.com/unregex/internal/format/posix.go:88.3,88.18 1 0
github.com/unregex/internal/format/posix.go:88.18,89.30 1 0
github.com/unregex/internal/format/posix.go:89.30,92.5 2 0
github.com/unregex/internal/format/posix.go:94.4,95.15 2 0
github.com/unregex/internal/format/posix.go:95.15,98.13 3 0
github.com/unregex/internal/format/posix.go:103.3,103.48 1 0
github.com/unregex/internal/format/posix.go:103.48,104.30 1 0
github.com/unregex/internal/format/posix.go:104.30,107.5 2 0
github.com/unregex/internal/format/posix.go:108.4,109.12 2 0
github.com/unregex/internal/format/posix.go:113.3,113.18 1 0
github.com/unregex/internal/format/posix.go:113.18,114.30 1 0
github.com/unregex/internal/format/posix.go:114.30,117.5 2 0
github.com/unregex/internal/format/posix.go:118.4,119.12 2 0
github.com/unregex/internal/format/posix.go:122.3,122.18 1 0
github.com/unregex/internal/format/posix.go:122.18,123.30 1 0
github.com/unregex/internal/format/posix.go:123.30,126.5 2 0
github.com/unregex/internal/format/posix.go:127.4,128.12 2 0
github.com/unregex/internal/format/posix.go:132.3,132.18 1 0
github.com/unregex/internal/format/posix.go:132.18,133.30 1 0
github.com/unregex/internal/format/posix.go:133.30,136.5 2 0
github.com/unregex/internal/format/posix.go:137.4,138.12 2 0
github.com/unregex/internal/format/posix.go:142.3,142.33 1 0
github.com/unregex/internal/format/posix.go:142.33,143.30 1 0
github.com/unregex/internal/format/posix.go:143.30,146.5 2 0
github.com/unregex/internal/format/posix.go:147.4,148.12 2 0
github.com/unregex/internal/format/posix.go:152.3,152.18 1 0
github.com/unregex/internal/format/posix.go:152.18,153.30 1 0
github.com/unregex/internal/format/posix.go:153.30,156.5 2 0
github.com/unregex/internal/format/posix.go:157.4,158.12 2 0
github.com/unregex/internal/format/posix.go:162.3,162.31 1 0
github.com/unregex/internal/format/posix.go:166.2,166.28 1 0
github.com/unregex/internal/format/posix.go:166.28,168.3 1 0
github.com/unregex/internal/format/posix.go:170.2,170.15 1 0
github.com/unregex/internal/format/posix.go:174.57,175.9 1 0
github.com/unregex/internal/format/posix.go:176.20,177.39 1 0
github.com/unregex/internal/format/posix.go:178.20,179.37 1 0
github.com/unregex/internal/format/posix.go:180.20,181.40 1 0
github.com/unregex/internal/format/posix.go:182.20,183.54 1 0
github.com/unregex/internal/format/posix.go:184.20,185.54 1 0
github.com/unregex/internal/format/posix.go:186.20,187.51 1 0
github.com/unregex/internal/format/posix.go:188.20,189.81 1 0
github.com/unregex/internal/format/posix.go:190.20,191.38 1 0
github.com/unregex/internal/format/posix.go:192.20,193.36 1 0
github.com/unregex/internal/format/posix.go:194.70,195.71 1 0
github.com/unregex/internal/format/posix.go:195.71,199.35 3 0
github.com/unregex/internal/format/posix.go:199.35,202.5 2 0
github.com/unregex/internal/format/posix.go:205.3,205.40 1 0
github.com/unregex/internal/format/posix.go:205.40,207.4 1 0
github.com/unregex/internal/format/posix.go:208.3,208.84 1 0
github.com/unregex/internal/format/posix.go:209.38,210.43 1 0
github.com/unregex/internal/format/posix.go:211.70,213.37 2 0
github.com/unregex/internal/format/posix.go:213.37,215.23 2 0
github.com/unregex/internal/format/posix.go:215.23,216.23 1 0
github.com/unregex/internal/format/posix.go:216.23,218.6 1 0
github.com/unregex/internal/format/posix.go:219.5,219.109 1 0
github.com/unregex/internal/format/posix.go:222.3,222.89 1 0
github.com/unregex/internal/format/posix.go:223.10,224.22 1 0
github.com/unregex/internal/format/posix.go:224.22,226.4 1 0
github.com/unregex/internal/format/posix.go:227.3,227.65 1 0
github.com/unregex/internal/format/posix.go:232.53,233.19 1 0
github.com/unregex/internal/format/posix.go:234.15,235.62 1 0
github.com/unregex/internal/format/posix.go:236.15,237.55 1 0
github.com/unregex/internal/format/posix.go:238.15,239.47 1 0
github.com/unregex/internal/format/posix.go:240.15,241.44 1 0
github.com/unregex/internal/format/posix.go:242.15,243.38 1 0
github.com/unregex/internal/format/posix.go:244.15,245.40 1 0
github.com/unregex/internal/format/posix.go:246.15,247.60 1 0
github.com/unregex/internal/format/posix.go:248.15,249.43 1 0
github.com/unregex/internal/format/posix.go:250.15,251.56 1 0
github.com/unregex/internal/format/posix.go:252.15,253.42 1 0
github.com/unregex/internal/format/posix.go:254.15,255.69 1 0
github.com/unregex/internal/format/posix.go:256.15,257.43 1 0
github.com/unregex/internal/format/posix.go:258.14,259.66 1 0
github.com/unregex/internal/format/posix.go:260.16,261.54 1 0
github.com/unregex/internal/format/posix.go:262.10,263.74 1 0
github.com/unregex/internal/format/posix.go:268.57,269.23 1 0
github.com/unregex/internal/format/posix.go:269.23,271.3 1 0
github.com/unregex/internal/format/posix.go:274.2,274.21 1 0
github.com/unregex/internal/format/posix.go:275.11,276.39 1 0
github.com/unregex/internal/format/posix.go:277.11,278.35 1 0
github.com/unregex/internal/format/posix.go:279.11,280.47 1 0
github.com/unregex/internal/format/posix.go:281.51,282.73 1 0
github.com/unregex/internal/format/posix.go:283.10,284.74 1 0
github.com/unregex/internal/format/python.go:12.36,14.2 1 1
github.com/unregex/internal/format/python.go:17.38,19.2 1 0
github.com/unregex/internal/format/python.go:22.56,37.2 2 0
github.com/unregex/internal/format/python.go:40.63,45.66 3 0
github.com/unregex/internal/format/python.go:45.66,46.68 1 0
github.com/unregex/internal/format/python.go:46.68,49.4 2 0
github.com/unregex/internal/format/python.go:53.2,53.64 1 0
github.com/unregex/internal/format/python.go:53.64,55.18 2 0
github.com/unregex/internal/format/python.go:55.18,57.33 2 0
github.com/unregex/internal/format/python.go:57.33,60.26 1 0
github.com/unregex/internal/format/python.go:60.26,62.11 2 0
github.com/unregex/internal/format/python.go:65.4,65.14 1 0
github.com/unregex/internal/format/python.go:65.14,68.5 2 0
github.com/unregex/internal/format/python.go:72.2,72.36 1 0
github.com/unregex/internal/format/python.go:72.36,76.18 2 0
github.com/unregex/internal/format/python.go:76.18,77.30 1 0
github.com/unregex/internal/format/python.go:77.30,80.5 2 0
github.com/unregex/internal/format/python.go:82.4,83.15 2 0
github.com/unregex/internal/format/python.go:83.15,86.13 3 0
github.com/unregex/internal/format/python.go:91.3,91.41 1 0
github.com/unregex/internal/format/python.go:91.41,92.30 1 0
github.com/unregex/internal/format/python.go:92.30,95.5 2 0
github.com/unregex/internal/format/python.go:98.4,98.49 1 0
github.com/unregex/internal/format/python.go:98.49,101.30 2 0
github.com/unregex/internal/format/python.go:101.30,103.6 1 0
github.com/unregex/internal/format/python.go:104.5,104.37 1 0
github.com/unregex/internal/format/python.go:104.37,105.33 1 0
github.com/unregex/internal/format/python.go:105.33,107.12 2 0
github.com/unregex/internal/format/python.go:110.5,112.13 3 0
github.com/unregex/internal/format/python.go:113.10,113.56 1 0
github.com/unregex/internal/format/python.go:113.56,116.61 1 0
github.com/unregex/internal/format/python.go:116.61,119.14 3 0
github.com/unregex/internal/format/python.go:121.10,121.56 1 0
github.com/unregex/internal/format/python.go:121.56,125.89 1 0
github.com/unregex/internal/format/python.go:125.89,128.14 3 0
github.com/unregex/internal/format/python.go:130.10,130.79 1 0
github.com/unregex/internal/format/python.go:130.79,133.17 2 0
github.com/unregex/internal/format/python.go:133.17,136.14 3 0
github.com/unregex/internal/format/python.go:138.10,141.13 3 0
github.com/unregex/internal/format/python.go:146.3,146.18 1 0
github.com/unregex/internal/format/python.go:146.18,147.30 1 0
github.com/unregex/internal/format/python.go:147.30,150.5 2 0
github.com/unregex/internal/format/python.go:152.4,153.15 2 0
github.com/unregex/internal/format/python.go:153.15,156.13 3 0
github.com/unregex/internal/format/python.go:161.3,161.48 1 0
github.com/unregex/internal/format/python.go:161.48,162.30 1 0
github.com/unregex/internal/format/python.go:162.30,165.5 2 0
github.com/unregex/internal/format/python.go:168.4,168.49 1 0
github.com/unregex/internal/format/python.go:168.49,171.5 2 0
github.com/unregex/internal/format/python.go:171.10,173.5 1 0
github.com/unregex/internal/format/python.go:174.4,174.12 1 0
github.com/unregex/internal/format/python.go:178.3,178.18 1 0
github.com/unregex/internal/format/python.go:178.18,179.30 1 0
github.com/unregex/internal/format/python.go:179.30,182.5 2 0
github.com/unregex/internal/format/python.go:185.4,185.49 1 0
github.com/unregex/internal/format/python.go:185.49,186.25 1 0
github.com/unregex/internal/format/python.go:187.14,189.12 2 0
github.com/unregex/internal/format/python.go:190.14,192.12 2 0
github.com/unregex/internal/format/python.go:193.14,195.12 2 0
github.com/unregex/internal/format/python.go:196.14,197.28 1 0
github.com/unregex/internal/format/python.go:197.28,198.30 1 0
github.com/unregex/internal/format/python.go:198.30,201.8 2 0
github.com/unregex/internal/format/python.go:201.13,201.37 1 0
github.com/unregex/internal/format/python.go:201.37,204.8 2 0
github.com/unregex/internal/format/python.go:204.13,206.24 2 0
github.com/unregex/internal/format/python.go:206.24,210.9 3 0
github.com/unregex/internal/format/python.go:210.14,212.9 1 0
github.com/unregex/internal/format/python.go:214.12,216.7 1 0
github.com/unregex/internal/format/python.go:217.14,218.28 1 0
github.com/unregex/internal/format/python.go:218.28,219.30 1 0
github.com/unregex/internal/format/python.go:219.30,221.24 2 0
github.com/unregex/internal/format/python.go:221.24,225.17 4 0
github.com/unregex/internal/format/python.go:227.13,227.37 1 0
github.com/unregex/internal/format/python.go:227.37,230.50 2 0
github.com/unregex/internal/format/python.go:230.50,232.9 1 0
github.com/unregex/internal/format/python.go:233.8,233.28 1 0
github.com/unregex/internal/format/python.go:233.28,236.17 3 0
github.com/unregex/internal/format/python.go:240.6,240.43 1 0
github.com/unregex/internal/format/python.go:241.13,242.43 1 0
github.com/unregex/internal/format/python.go:244.5,244.13 1 0
github.com/unregex/internal/format/python.go:245.10,247.13 2 0
github.com/unregex/internal/format/python.go:251.3,251.18 1 0
github.com/unregex/internal/format/python.go:251.18,252.30 1 0
github.com/unregex/internal/format/python.go:252.30,255.5 2 0
github.com/unregex/internal/format/python.go:256.4,257.12 2 0
github.com/unregex/internal/format/python.go:261.3,261.18 1 0
github.com/unregex/internal/format/python.go:261.18,262.30 1 0
github.com/unregex/internal/format/python.go:262.30,265.5 2 0
github.com/unregex/internal/format/python.go:266.4,267.12 2 0
github.com/unregex/internal/format/python.go:271.3,271.33 1 0
github.com/unregex/internal/format/python.go:271.33,272.30 1 0
github.com/unregex/internal/format/python.go:272.30,275.5 2 0
github.com/unregex/internal/format/python.go:276.4,277.12 2 0
github.com/unregex/internal/format/python.go:281.3,281.18 1 0
github.com/unregex/internal/format/python.go:281.18,282.30 1 0
github.com/unregex/internal/format/python.go:282.30,285.5 2 0
github.com/unregex/internal/format/python.go:286.4,287.12 2 0
github.com/unregex/internal/format/python.go:291.3,291.31 1 0
github.com/unregex/internal/format/python.go:295.2,295.28 1 0
github.com/unregex/internal/format/python.go:295.28,297.3 1 0
github.com/unregex/internal/format/python.go:299.2,299.15 1 0
github.com/unregex/internal/format/python.go:303.58,304.9 1 0
github.com/unregex/internal/format/python.go:306.73,307.65 1 0
github.com/unregex/internal/format/python.go:308.89,311.37 2 0
github.com/unregex/internal/format/python.go:311.37,314.23 1 0
github.com/unregex/internal/format/python.go:314.23,316.10 2 0
github.com/unregex/internal/format/python.go:319.3,319.13 1 0
github.com/unregex/internal/format/python.go:319.13,321.4 1 0
github.com/unregex/internal/format/python.go:322.20,323.39 1 0
github.com/unregex/internal/format/python.go:324.20,325.37 1 0
github.com/unregex/internal/format/python.go:326.20,327.55 1 0
github.com/unregex/internal/format/python.go:328.20,329.63 1 0
github.com/unregex/internal/format/python.go:330.20,331.63 1 0
github.com/unregex/internal/format/python.go:332.20,333.60 1 0
github.com/unregex/internal/format/python.go:334.21,335.67 1 0
github.com/unregex/internal/format/python.go:336.21,337.67 1 0
github.com/unregex/internal/format/python.go:338.21,339.64 1 0
github.com/unregex/internal/format/python.go:340.20,341.81 1 0
github.com/unregex/internal/format/python.go:342.20,343.38 1 0
github.com/unregex/internal/format/python.go:344.20,345.36 1 0
github.com/unregex/internal/format/python.go:346.22,347.101 1 0
github.com/unregex/internal/format/python.go:348.22,349.113 1 0
github.com/unregex/internal/format/python.go:350.22,351.119 1 0
github.com/unregex/internal/format/python.go:352.23,353.118 1 0
github.com/unregex/internal/format/python.go:354.23,355.124 1 0
github.com/unregex/internal/format/python.go:356.73,358.75 2 0
github.com/unregex/internal/format/python.go:359.73,361.68 2 0
github.com/unregex/internal/format/python.go:362.70,363.40 1 0
github.com/unregex/internal/format/python.go:363.40,365.4 1 0
github.com/unregex/internal/format/python.go:366.3,366.84 1 0
github.com/unregex/internal/format/python.go:367.38,368.44 1 0
github.com/unregex/internal/format/python.go:369.70,371.37 2 0
github.com/unregex/internal/format/python.go:371.37,373.23 2 0
github.com/unregex/internal/format/python.go:373.23,374.23 1 0
github.com/unregex/internal/format/python.go:374.23,376.6 1 0
github.com/unregex/internal/format/python.go:377.5,377.109 1 0
github.com/unregex/internal/format/python.go:380.3,380.89 1 0
github.com/unregex/internal/format/python.go:381.10,382.22 1 0
github.com/unregex/internal/format/python.go:382.22,384.4 1 0
github.com/unregex/internal/format/python.go:385.3,385.65 1 0
github.com/unregex/internal/format/python.go:388.2,388.48 1 0
github.com/unregex/internal/format/python.go:392.46,393.17 1 0
github.com/unregex/internal/format/python.go:393.17,395.3 1 0
github.com/unregex/internal/format/python.go:397.2,398.29 2 0
github.com/unregex/internal/format/python.go:398.29,399.15 1 0
github.com/unregex/internal/format/python.go:400.12,401.65 1 0
github.com/unregex/internal/format/python.go:402.12,403.71 1 0
github.com/unregex/internal/format/python.go:404.12,405.71 1 0
github.com/unregex/internal/format/python.go:406.12,407.96 1 0
github.com/unregex/internal/format/python.go:408.12,409.115 1 0
github.com/unregex/internal/format/python.go:410.12,411.62 1 0
github.com/unregex/internal/format/python.go:412.12,413.102 1 0
github.com/unregex/internal/format/python.go:414.11,415.78 1 0
github.com/unregex/internal/format/python.go:419.2,419.53 1 0
github.com/unregex/internal/format/python.go:423.58,424.23 1 0
github.com/unregex/internal/format/python.go:424.23,426.3 1 0
github.com/unregex/internal/format/python.go:428.2,428.21 1 0
github.com/unregex/internal/format/python.go:429.11,430.51 1 0
github.com/unregex/internal/format/python.go:431.11,432.49 1 0
github.com/unregex/internal/format/python.go:433.11,434.43 1 0
github.com/unregex/internal/format/python.go:435.11,436.43 1 0
github.com/unregex/internal/format/python.go:437.11,438.72 1 0
github.com/unregex/internal/format/python.go:439.11,440.48 1 0
github.com/unregex/internal/format/python.go:441.11,442.69 1 0
github.com/unregex/internal/format/python.go:443.11,444.50 1 0
github.com/unregex/internal/format/python.go:445.11,446.35 1 0
github.com/unregex/internal/format/python.go:447.11,448.39 1 0
github.com/unregex/internal/format/python.go:449.11,450.39 1 0
github.com/unregex/internal/format/python.go:451.11,452.35 1 0
github.com/unregex/internal/format/python.go:453.11,454.47 1 0
github.com/unregex/internal/format/python.go:455.11,456.41 1 0
github.com/unregex/internal/format/python.go:457.11,458.44 1 0
github.com/unregex/internal/format/python.go:459.11,460.42 1 0
github.com/unregex/internal/format/python.go:461.51,462.73 1 0
github.com/unregex/internal/format/python.go:463.11,464.46 1 0
github.com/unregex/internal/format/python.go:464.46,466.16 2 0
github.com/unregex/internal/format/python.go:466.16,469.5 2 0
github.com/unregex/internal/format/python.go:471.3,471.39 1 0
github.com/unregex/internal/format/python.go:472.11,473.79 1 0
github.com/unregex/internal/format/python.go:473.79,475.4 1 0
github.com/unregex/internal/format/python.go:476.3,476.47 1 0
github.com/unregex/internal/format/python.go:477.11,479.57 1 0
github.com/unregex/internal/format/python.go:479.57,481.4 1 0
github.com/unregex/internal/format/python.go:482.3,482.43 1 0
github.com/unregex/internal/format/python.go:483.11,486.84 1 0
github.com/unregex/internal/format/python.go:486.84,488.4 1 0
github.com/unregex/internal/format/python.go:489.3,489.52 1 0
github.com/unregex/internal/format/python.go:490.11,491.46 1 0
github.com/unregex/internal/format/python.go:491.46,493.15 2 0
github.com/unregex/internal/format/python.go:493.15,496.5 2 0
github.com/unregex/internal/format/python.go:498.3,498.48 1 0
github.com/unregex/internal/format/python.go:499.10,500.74 1 0
github.com/unregex/pkg/utils/utils.go:16.30,18.2 1 1
github.com/unregex/pkg/utils/utils.go:21.27,23.2 1 1
github.com/unregex/pkg/utils/utils.go:26.43,28.2 1 0
github.com/unregex/pkg/utils/utils.go:31.40,41.2 2 1
github.com/unregex/pkg/utils/utils.go:44.42,53.41 2 1
github.com/unregex/pkg/utils/utils.go:53.41,55.3 1 1
github.com/unregex/pkg/utils/utils.go:56.2,56.25 1 1
